0 info it worked if it ends with ok
1 verbose cli [ '/usr/local/bin/node', '/usr/local/bin/npm', 'run', 'watch' ]
2 info using npm@2.14.4
3 info using node@v4.1.2
4 verbose run-script [ 'prewatch', 'watch', 'postwatch' ]
5 info prewatch modular-html-kit@1.0.0
6 info watch modular-html-kit@1.0.0
7 verbose unsafe-perm in lifecycle true
8 info modular-html-kit@1.0.0 Failed to exec watch script
9 verbose stack Error: modular-html-kit@1.0.0 watch: `./node_modules/gulp/bin/gulp.js watch`
9 verbose stack Exit status 1
9 verbose stack     at EventEmitter.<anonymous> (/usr/local/lib/node_modules/npm/lib/utils/lifecycle.js:214:16)
9 verbose stack     at emitTwo (events.js:87:13)
9 verbose stack     at EventEmitter.emit (events.js:172:7)
9 verbose stack     at ChildProcess.<anonymous> (/usr/local/lib/node_modules/npm/lib/utils/spawn.js:24:14)
9 verbose stack     at emitTwo (events.js:87:13)
9 verbose stack     at ChildProcess.emit (events.js:172:7)
9 verbose stack     at maybeClose (internal/child_process.js:818:16)
9 verbose stack     at Process.ChildProcess._handle.onexit (internal/child_process.js:211:5)
10 verbose pkgid modular-html-kit@1.0.0
11 verbose cwd /Users/chrisgregori/Documents/Programming/Web Apps/portfolio3/portfolio
12 error Darwin 15.5.0
13 error argv "/usr/local/bin/node" "/usr/local/bin/npm" "run" "watch"
14 error node v4.1.2
15 error npm  v2.14.4
16 error code ELIFECYCLE
17 error modular-html-kit@1.0.0 watch: `./node_modules/gulp/bin/gulp.js watch`
17 error Exit status 1
18 error Failed at the modular-html-kit@1.0.0 watch script './node_modules/gulp/bin/gulp.js watch'.
18 error This is most likely a problem with the modular-html-kit package,
18 error not with npm itself.
18 error Tell the author that this fails on your system:
18 error     ./node_modules/gulp/bin/gulp.js watch
18 error You can get their info via:
18 error     npm owner ls modular-html-kit
18 error There is likely additional logging output above.
19 verbose exit [ 1, true ]
